  Orders.cpp
c:\dev\362restaurantassignment\restaurantassignment\src\fooditem.h(21): warning C4091: 'typedef ': ignored on left of 'FoodCategories' when no variable is declared
c:\dev\362restaurantassignment\restaurantassignment\src\menu.h(147): warning C4018: '<': signed/unsigned mismatch
c:\dev\362restaurantassignment\restaurantassignment\src\menu.h(159): warning C4018: '<': signed/unsigned mismatch
c:\dev\362restaurantassignment\restaurantassignment\src\menu.h(169): warning C4018: '<': signed/unsigned mismatch
c:\dev\362restaurantassignment\restaurantassignment\src\menu.h(178): warning C4018: '<': signed/unsigned mismatch
c:\dev\362restaurantassignment\restaurantassignment\src\menu.h(271): warning C4018: '<': signed/unsigned mismatch
c:\dev\362restaurantassignment\restaurantassignment\src\menu.h(420): warning C4129: 'F': unrecognized character escape sequence
c:\dev\362restaurantassignment\restaurantassignment\src\orders.h(14): warning C4091: 'typedef ': ignored on left of 'OrderStatus' when no variable is declared
c:\dev\362restaurantassignment\restaurantassignment\src\orders.h(22): warning C4091: 'typedef ': ignored on left of 'OrderCommandType' when no variable is declared
c:\dev\362restaurantassignment\restaurantassignment\src\orders.h(44): warning C4018: '<': signed/unsigned mismatch
c:\dev\362restaurantassignment\restaurantassignment\src\orders.h(75): warning C4018: '<': signed/unsigned mismatch
c:\dev\362restaurantassignment\restaurantassignment\src\orders.h(283): warning C4018: '<': signed/unsigned mismatch
c:\dev\362restaurantassignment\restaurantassignment\src\orders.h(320): warning C4018: '<': signed/unsigned mismatch
c:\dev\362restaurantassignment\restaurantassignment\src\orders.h(332): warning C4018: '<': signed/unsigned mismatch
c:\dev\362restaurantassignment\restaurantassignment\src\orders.h(344): warning C4018: '<': signed/unsigned mismatch
c:\dev\362restaurantassignment\restaurantassignment\src\orders.h(378): warning C4018: '<': signed/unsigned mismatch
c:\dev\362restaurantassignment\restaurantassignment\src\orders.h(425): warning C4018: '<': signed/unsigned mismatch
c:\dev\362restaurantassignment\restaurantassignment\src\orders.h(551): warning C4018: '<': signed/unsigned mismatch
  main.cpp
c:\dev\362restaurantassignment\restaurantassignment\src\employeeaccount.h(129): warning C4018: '<': signed/unsigned mismatch
c:\dev\362restaurantassignment\restaurantassignment\src\employeeaccount.h(143): warning C4018: '<': signed/unsigned mismatch
c:\dev\362restaurantassignment\restaurantassignment\src\employeeaccount.h(156): warning C4018: '<': signed/unsigned mismatch
c:\dev\362restaurantassignment\restaurantassignment\src\employeeaccount.h(173): warning C4018: '<': signed/unsigned mismatch
c:\dev\362restaurantassignment\restaurantassignment\src\employeeaccount.h(189): warning C4018: '<': signed/unsigned mismatch
c:\dev\362restaurantassignment\restaurantassignment\src\fooditem.h(21): warning C4091: 'typedef ': ignored on left of 'FoodCategories' when no variable is declared
c:\dev\362restaurantassignment\restaurantassignment\src\menu.h(147): warning C4018: '<': signed/unsigned mismatch
c:\dev\362restaurantassignment\restaurantassignment\src\menu.h(159): warning C4018: '<': signed/unsigned mismatch
c:\dev\362restaurantassignment\restaurantassignment\src\menu.h(169): warning C4018: '<': signed/unsigned mismatch
c:\dev\362restaurantassignment\restaurantassignment\src\menu.h(178): warning C4018: '<': signed/unsigned mismatch
c:\dev\362restaurantassignment\restaurantassignment\src\menu.h(271): warning C4018: '<': signed/unsigned mismatch
c:\dev\362restaurantassignment\restaurantassignment\src\menu.h(420): warning C4129: 'F': unrecognized character escape sequence
c:\dev\362restaurantassignment\restaurantassignment\src\orders.h(14): warning C4091: 'typedef ': ignored on left of 'OrderStatus' when no variable is declared
c:\dev\362restaurantassignment\restaurantassignment\src\orders.h(22): warning C4091: 'typedef ': ignored on left of 'OrderCommandType' when no variable is declared
c:\dev\362restaurantassignment\restaurantassignment\src\orders.h(44): warning C4018: '<': signed/unsigned mismatch
c:\dev\362restaurantassignment\restaurantassignment\src\orders.h(75): warning C4018: '<': signed/unsigned mismatch
c:\dev\362restaurantassignment\restaurantassignment\src\orders.h(283): warning C4018: '<': signed/unsigned mismatch
c:\dev\362restaurantassignment\restaurantassignment\src\orders.h(320): warning C4018: '<': signed/unsigned mismatch
c:\dev\362restaurantassignment\restaurantassignment\src\orders.h(332): warning C4018: '<': signed/unsigned mismatch
c:\dev\362restaurantassignment\restaurantassignment\src\orders.h(344): warning C4018: '<': signed/unsigned mismatch
c:\dev\362restaurantassignment\restaurantassignment\src\orders.h(378): warning C4018: '<': signed/unsigned mismatch
c:\dev\362restaurantassignment\restaurantassignment\src\orders.h(425): warning C4018: '<': signed/unsigned mismatch
c:\dev\362restaurantassignment\restaurantassignment\src\orders.h(551): warning C4018: '<': signed/unsigned mismatch
  Generating Code...
c:\dev\362restaurantassignment\restaurantassignment\src\orders.h(349): warning C4715: 'OrderQueue::getOrder': not all control paths return a value
c:\dev\362restaurantassignment\restaurantassignment\src\menu.h(174): warning C4715: 'Menu::getMenuItem': not all control paths return a value
  RestaurantAssignment.vcxproj -> C:\dev\362RestaurantAssignment\RestaurantAssignment\Debug\RestaurantAssignment.exe
